# JRE version: OpenJDK Runtime Environment (8.0_76-b03) (build 1.8.0_76-release-b03)
# Java VM: OpenJDK 64-Bit Server VM (25.76-b03 mixed mode windows-amd64 compressed oops)
Heap:
 PSYoungGen      total 304128K, used 138285K [0x00000000eab00000, 0x0000000100000000, 0x0000000100000000)
  eden space 291840K, 43% used [0x00000000eab00000,0x00000000f260f000,0x00000000fc800000)
  from space 12288K, 99% used [0x00000000fc800000,0x00000000fd3fc490,0x00000000fd400000)
  to   space 16384K, 0% used [0x00000000ff000000,0x00000000ff000000,0x0000000100000000)
 ParOldGen       total 53248K, used 37308K [0x00000000c0000000, 0x00000000c3400000, 0x00000000eab00000)
  object space 53248K, 70% used [0x00000000c0000000,0x00000000c246f138,0x00000000c3400000)
 Metaspace       used 49154K, capacity 51680K, committed 51840K, reserved 1093632K
  class space    used 6576K, capacity 7465K, committed 7552K, reserved 1048576K
GC Heap History (10 events):
Event: 30.178 GC heap before
{Heap before GC invocations=14 (full 1):
 PSYoungGen      total 219648K, used 161545K [0x00000000eab00000, 0x00000000f8f80000, 0x0000000100000000)
  eden space 216064K, 73% used [0x00000000eab00000,0x00000000f459efc8,0x00000000f7e00000)
  from space 3584K, 89% used [0x00000000f8c00000,0x00000000f8f236e0,0x00000000f8f80000)
  to   space 8704K, 0% used [0x00000000f7e80000,0x00000000f7e80000,0x00000000f8700000)
 ParOldGen       total 36864K, used 19117K [0x00000000c0000000, 0x00000000c2400000, 0x00000000eab00000)
  object space 36864K, 51% used [0x00000000c0000000,0x00000000c12ab728,0x00000000c2400000)
 Metaspace       used 34206K, capacity 35414K, committed 35496K, reserved 1079296K
  class space    used 4372K, capacity 4823K, committed 4864K, reserved 1048576K
Event: 30.193 GC heap after
Heap after GC invocations=14 (full 1):
 PSYoungGen      total 225280K, used 6406K [0x00000000eab00000, 0x00000000fdd00000, 0x0000000100000000)
  eden space 216576K, 0% used [0x00000000eab00000,0x00000000eab00000,0x00000000f7e80000)
  from space 8704K, 73% used [0x00000000f7e80000,0x00000000f84c1958,0x00000000f8700000)
  to   space 9216K, 0% used [0x00000000fd400000,0x00000000fd400000,0x00000000fdd00000)
 ParOldGen       total 36864K, used 20518K [0x00000000c0000000, 0x00000000c2400000, 0x00000000eab00000)
  object space 36864K, 55% used [0x00000000c0000000,0x00000000c1409b98,0x00000000c2400000)
 Metaspace       used 34206K, capacity 35414K, committed 35496K, reserved 1079296K
  class space    used 4372K, capacity 4823K, committed 4864K, reserved 1048576K
}
Event: 30.193 GC heap before
{Heap before GC invocations=15 (full 2):
 PSYoungGen      total 225280K, used 6406K [0x00000000eab00000, 0x00000000fdd00000, 0x0000000100000000)
  eden space 216576K, 0% used [0x00000000eab00000,0x00000000eab00000,0x00000000f7e80000)
  from space 8704K, 73% used [0x00000000f7e80000,0x00000000f84c1958,0x00000000f8700000)
  to   space 9216K, 0% used [0x00000000fd400000,0x00000000fd400000,0x00000000fdd00000)
 ParOldGen       total 36864K, used 20518K [0x00000000c0000000, 0x00000000c2400000, 0x00000000eab00000)
  object space 36864K, 55% used [0x00000000c0000000,0x00000000c1409b98,0x00000000c2400000)
 Metaspace       used 34206K, capacity 35414K, committed 35496K, reserved 1079296K
  class space    used 4372K, capacity 4823K, committed 4864K, reserved 1048576K
Event: 30.391 GC heap after
Heap after GC invocations=15 (full 2):
 PSYoungGen      total 225280K, used 0K [0x00000000eab00000, 0x00000000fdd00000, 0x0000000100000000)
  eden space 216576K, 0% used [0x00000000eab00000,0x00000000eab00000,0x00000000f7e80000)
  from space 8704K, 0% used [0x00000000f7e80000,0x00000000f7e80000,0x00000000f8700000)
  to   space 9216K, 0% used [0x00000000fd400000,0x00000000fd400000,0x00000000fdd00000)
 ParOldGen       total 53248K, used 21049K [0x00000000c0000000, 0x00000000c3400000, 0x00000000eab00000)
  object space 53248K, 39% used [0x00000000c0000000,0x00000000c148e400,0x00000000c3400000)
 Metaspace       used 34068K, capacity 34958K, committed 35496K, reserved 1079296K
  class space    used 4343K, capacity 4687K, committed 4864K, reserved 1048576K
}
Event: 34.318 GC heap before
{Heap before GC invocations=16 (full 2):
 PSYoungGen      total 225280K, used 174284K [0x00000000eab00000, 0x00000000fdd00000, 0x0000000100000000)
  eden space 216576K, 80% used [0x00000000eab00000,0x00000000f5533210,0x00000000f7e80000)
  from space 8704K, 0% used [0x00000000f7e80000,0x00000000f7e80000,0x00000000f8700000)
  to   space 9216K, 0% used [0x00000000fd400000,0x00000000fd400000,0x00000000fdd00000)
 ParOldGen       total 53248K, used 21049K [0x00000000c0000000, 0x00000000c3400000, 0x00000000eab00000)
  object space 53248K, 39% used [0x00000000c0000000,0x00000000c148e400,0x00000000c3400000)
 Metaspace       used 40503K, capacity 41616K, committed 41856K, reserved 1085440K
  class space    used 5282K, capacity 5720K, committed 5760K, reserved 1048576K
Event: 34.397 GC heap after
Heap after GC invocations=16 (full 2):
 PSYoungGen      total 301056K, used 9184K [0x00000000eab00000, 0x00000000fea00000, 0x0000000100000000)
  eden space 291840K, 0% used [0x00000000eab00000,0x00000000eab00000,0x00000000fc800000)
  from space 9216K, 99% used [0x00000000fd400000,0x00000000fdcf8020,0x00000000fdd00000)
  to   space 12288K, 0% used [0x00000000fc800000,0x00000000fc800000,0x00000000fd400000)
 ParOldGen       total 53248K, used 26145K [0x00000000c0000000, 0x00000000c3400000, 0x00000000eab00000)
  object space 53248K, 49% used [0x00000000c0000000,0x00000000c19886c8,0x00000000c3400000)
 Metaspace       used 40503K, capacity 41616K, committed 41856K, reserved 1085440K
  class space    used 5282K, capacity 5720K, committed 5760K, reserved 1048576K
}
Event: 34.397 GC heap before
{Heap before GC invocations=17 (full 3):
 PSYoungGen      total 301056K, used 9184K [0x00000000eab00000, 0x00000000fea00000, 0x0000000100000000)
  eden space 291840K, 0% used [0x00000000eab00000,0x00000000eab00000,0x00000000fc800000)
  from space 9216K, 99% used [0x00000000fd400000,0x00000000fdcf8020,0x00000000fdd00000)
  to   space 12288K, 0% used [0x00000000fc800000,0x00000000fc800000,0x00000000fd400000)
 ParOldGen       total 53248K, used 26145K [0x00000000c0000000, 0x00000000c3400000, 0x00000000eab00000)
  object space 53248K, 49% used [0x00000000c0000000,0x00000000c19886c8,0x00000000c3400000)
 Metaspace       used 40503K, capacity 41616K, committed 41856K, reserved 1085440K
  class space    used 5282K, capacity 5720K, committed 5760K, reserved 1048576K
Event: 34.848 GC heap after
Heap after GC invocations=17 (full 3):
 PSYoungGen      total 301056K, used 0K [0x00000000eab00000, 0x00000000fea00000, 0x0000000100000000)
  eden space 291840K, 0% used [0x00000000eab00000,0x00000000eab00000,0x00000000fc800000)
  from space 9216K, 0% used [0x00000000fd400000,0x00000000fd400000,0x00000000fdd00000)
  to   space 12288K, 0% used [0x00000000fc800000,0x00000000fc800000,0x00000000fd400000)
 ParOldGen       total 53248K, used 31665K [0x00000000c0000000, 0x00000000c3400000, 0x00000000eab00000)
  object space 53248K, 59% used [0x00000000c0000000,0x00000000c1eec620,0x00000000c3400000)
 Metaspace       used 40459K, capacity 41502K, committed 41856K, reserved 1085440K
  class space    used 5273K, capacity 5686K, committed 5760K, reserved 1048576K
}
Event: 321.345 GC heap before
{Heap before GC invocations=18 (full 3):
 PSYoungGen      total 301056K, used 291840K [0x00000000eab00000, 0x00000000fea00000, 0x0000000100000000)
  eden space 291840K, 100% used [0x00000000eab00000,0x00000000fc800000,0x00000000fc800000)
  from space 9216K, 0% used [0x00000000fd400000,0x00000000fd400000,0x00000000fdd00000)
  to   space 12288K, 0% used [0x00000000fc800000,0x00000000fc800000,0x00000000fd400000)
 ParOldGen       total 53248K, used 31665K [0x00000000c0000000, 0x00000000c3400000, 0x00000000eab00000)
  object space 53248K, 59% used [0x00000000c0000000,0x00000000c1eec620,0x00000000c3400000)
 Metaspace       used 45540K, capacity 47478K, committed 47616K, reserved 1089536K
  class space    used 5938K, capacity 6635K, committed 6656K, reserved 1048576K
Event: 321.390 GC heap after
Heap after GC invocations=18 (full 3):
 PSYoungGen      total 304128K, used 12273K [0x00000000eab00000, 0x0000000100000000, 0x0000000100000000)
  eden space 291840K, 0% used [0x00000000eab00000,0x00000000eab00000,0x00000000fc800000)
  from space 12288K, 99% used [0x00000000fc800000,0x00000000fd3fc490,0x00000000fd400000)
  to   space 16384K, 0% used [0x00000000ff000000,0x00000000ff000000,0x0000000100000000)
 ParOldGen       total 53248K, used 37308K [0x00000000c0000000, 0x00000000c3400000, 0x00000000eab00000)
  object space 53248K, 70% used [0x00000000c0000000,0x00000000c246f138,0x00000000c3400000)
 Metaspace       used 45540K, capacity 47478K, committed 47616K, reserved 1089536K
  class space    used 5938K, capacity 6635K, committed 6656K, reserved 1048576K
}

